  [1m[36m (1.4ms)[0m  [1mCREATE TABLE "schema_migrations" ("version" varchar(255) NOT NULL) [0m
  [1m[35m (1.2ms)[0m  CREATE UNIQUE INDEX "unique_schema_migrations" ON "schema_migrations" ("version")
  [1m[36mActiveRecord::SchemaMigration Load (0.1ms)[0m  [1mSELECT "schema_migrations".* FROM "schema_migrations"[0m
Migrating to CreateUsers (20130909110904)
  [1m[35m (0.1ms)[0m  begin transaction
  [1m[36m (0.5ms)[0m  [1mCREATE TABLE "users" ("id" INTEGER PRIMARY KEY AUTOINCREMENT NOT NULL, "name" varchar(255), "email" varchar(255), "created_at" datetime, "updated_at" datetime) [0m
  [1m[35mSQL (0.3ms)[0m  INSERT INTO "schema_migrations" ("version") VALUES (?)  [["version", "20130909110904"]]
  [1m[36m (25.3ms)[0m  [1mcommit transaction[0m
  [1m[35mActiveRecord::SchemaMigration Load (0.1ms)[0m  SELECT "schema_migrations".* FROM "schema_migrations"
  [1m[36mActiveRecord::SchemaMigration Load (0.1ms)[0m  [1mSELECT "schema_migrations".* FROM "schema_migrations"[0m
Migrating to CreateMicroposts (20130909111059)
  [1m[35m (0.1ms)[0m  begin transaction
  [1m[36m (0.4ms)[0m  [1mCREATE TABLE "microposts" ("id" INTEGER PRIMARY KEY AUTOINCREMENT NOT NULL, "content" varchar(255), "user_id" integer, "created_at" datetime, "updated_at" datetime) [0m
  [1m[35mSQL (0.2ms)[0m  INSERT INTO "schema_migrations" ("version") VALUES (?)  [["version", "20130909111059"]]
  [1m[36m (1.2ms)[0m  [1mcommit transaction[0m
  [1m[35mActiveRecord::SchemaMigration Load (0.1ms)[0m  SELECT "schema_migrations".* FROM "schema_migrations"


Started GET "/users" for 127.0.0.1 at 2013-09-09 13:20:29 +0200
  [1m[36mActiveRecord::SchemaMigration Load (0.8ms)[0m  [1mSELECT "schema_migrations".* FROM "schema_migrations"[0m
Processing by UsersController#index as HTML
  [1m[35mUser Load (4.4ms)[0m  SELECT "users".* FROM "users"
  Rendered users/index.html.erb within layouts/application (8.6ms)
Completed 200 OK in 3085ms (Views: 3051.2ms | ActiveRecord: 4.7ms)


Started GET "/users" for 127.0.0.1 at 2013-09-09 13:20:34 +0200
Processing by UsersController#index as HTML
  [1m[36mUser Load (0.3ms)[0m  [1mSELECT "users".* FROM "users"[0m
  Rendered users/index.html.erb within layouts/application (1.7ms)
Completed 200 OK in 9ms (Views: 7.5ms | ActiveRecord: 0.3ms)


Started GET "/assets/microposts.css?body=1" for 127.0.0.1 at 2013-09-09 13:20:34 +0200


Started GET "/assets/application.css?body=1" for 127.0.0.1 at 2013-09-09 13:20:34 +0200


Started GET "/assets/scaffolds.css?body=1" for 127.0.0.1 at 2013-09-09 13:20:34 +0200


Started GET "/assets/turbolinks.js?body=1" for 127.0.0.1 at 2013-09-09 13:20:34 +0200


Started GET "/assets/jquery.js?body=1" for 127.0.0.1 at 2013-09-09 13:20:34 +0200


Started GET "/assets/jquery_ujs.js?body=1" for 127.0.0.1 at 2013-09-09 13:20:34 +0200


Started GET "/assets/microposts.js?body=1" for 127.0.0.1 at 2013-09-09 13:20:34 +0200


Started GET "/assets/users.js?body=1" for 127.0.0.1 at 2013-09-09 13:20:34 +0200


Started GET "/assets/application.js?body=1" for 127.0.0.1 at 2013-09-09 13:20:35 +0200


Started GET "/assets/microposts.css?body=1" for 127.0.0.1 at 2013-09-09 13:20:35 +0200


Started GET "/assets/users.css?body=1" for 127.0.0.1 at 2013-09-09 13:20:35 +0200


Started GET "/assets/application.css?body=1" for 127.0.0.1 at 2013-09-09 13:20:35 +0200


Started GET "/assets/turbolinks.js?body=1" for 127.0.0.1 at 2013-09-09 13:20:35 +0200


Started GET "/assets/scaffolds.css?body=1" for 127.0.0.1 at 2013-09-09 13:20:35 +0200


Started GET "/assets/users.css?body=1" for 127.0.0.1 at 2013-09-09 13:20:35 +0200


Started GET "/assets/jquery_ujs.js?body=1" for 127.0.0.1 at 2013-09-09 13:20:35 +0200


Started GET "/assets/users.js?body=1" for 127.0.0.1 at 2013-09-09 13:20:35 +0200


Started GET "/assets/application.js?body=1" for 127.0.0.1 at 2013-09-09 13:20:35 +0200


Started GET "/assets/microposts.js?body=1" for 127.0.0.1 at 2013-09-09 13:20:35 +0200


Started GET "/assets/jquery.js?body=1" for 127.0.0.1 at 2013-09-09 13:20:35 +0200


Started GET "/users/new" for 127.0.0.1 at 2013-09-09 13:20:37 +0200
Processing by UsersController#new as HTML
  Rendered users/_form.html.erb (188.5ms)
  Rendered users/new.html.erb within layouts/application (220.7ms)
Completed 200 OK in 259ms (Views: 258.5ms | ActiveRecord: 0.1ms)


Started POST "/users" for 127.0.0.1 at 2013-09-09 13:20:51 +0200
Processing by UsersController#create as HTML
  Parameters: {"utf8"=>"✓", "authenticity_token"=>"0cGUlpld+3r72H9/m7LAjfjwHvbSRi5pkh8v/JYbcFY=", "user"=>{"name"=>"Natnael Y. Abbai", "email"=>"natnaelyntngmail.com"}, "commit"=>"Create User"}
  [1m[35m (0.1ms)[0m  begin transaction
  [1m[36mUser Exists (0.2ms)[0m  [1mSELECT 1 AS one FROM "users" WHERE "users"."name" = 'Natnael Y. Abbai' LIMIT 1[0m
  [1m[35m (0.1ms)[0m  rollback transaction
  Rendered users/_form.html.erb (3.3ms)
  Rendered users/new.html.erb within layouts/application (4.4ms)
Completed 200 OK in 175ms (Views: 9.2ms | ActiveRecord: 0.4ms)


Started GET "/assets/application.css?body=1" for 127.0.0.1 at 2013-09-09 13:20:51 +0200


Started GET "/assets/scaffolds.css?body=1" for 127.0.0.1 at 2013-09-09 13:20:51 +0200


Started GET "/assets/users.css?body=1" for 127.0.0.1 at 2013-09-09 13:20:51 +0200


Started GET "/assets/microposts.css?body=1" for 127.0.0.1 at 2013-09-09 13:20:51 +0200


Started GET "/assets/users.js?body=1" for 127.0.0.1 at 2013-09-09 13:20:51 +0200


Started GET "/assets/microposts.js?body=1" for 127.0.0.1 at 2013-09-09 13:20:51 +0200


Started GET "/assets/turbolinks.js?body=1" for 127.0.0.1 at 2013-09-09 13:20:51 +0200


Started GET "/assets/application.js?body=1" for 127.0.0.1 at 2013-09-09 13:20:51 +0200


Started POST "/users" for 127.0.0.1 at 2013-09-09 13:20:57 +0200
Processing by UsersController#create as HTML
  Parameters: {"utf8"=>"✓", "authenticity_token"=>"0cGUlpld+3r72H9/m7LAjfjwHvbSRi5pkh8v/JYbcFY=", "user"=>{"name"=>"Natnael Y. Abbai", "email"=>"natnaelyntn@gmail.com"}, "commit"=>"Create User"}
  [1m[36m (0.1ms)[0m  [1mbegin transaction[0m
  [1m[35mUser Exists (0.1ms)[0m  SELECT 1 AS one FROM "users" WHERE "users"."name" = 'Natnael Y. Abbai' LIMIT 1
  [1m[36mSQL (261.7ms)[0m  [1mINSERT INTO "users" ("created_at", "email", "name", "updated_at") VALUES (?, ?, ?, ?)[0m  [["created_at", Mon, 09 Sep 2013 11:20:57 UTC +00:00], ["email", "natnaelyntn@gmail.com"], ["name", "Natnael Y. Abbai"], ["updated_at", Mon, 09 Sep 2013 11:20:57 UTC +00:00]]
  [1m[35m (13.7ms)[0m  commit transaction
Redirected to http://localhost:3000/users/1
Completed 302 Found in 283ms (ActiveRecord: 275.7ms)


Started GET "/users/1" for 127.0.0.1 at 2013-09-09 13:20:57 +0200
Processing by UsersController#show as HTML
  Parameters: {"id"=>"1"}
  [1m[36mUser Load (0.3ms)[0m  [1mSELECT "users".* FROM "users" WHERE "users"."id" = ? LIMIT 1[0m  [["id", "1"]]
  Rendered users/show.html.erb within layouts/application (34.2ms)
Completed 200 OK in 71ms (Views: 68.2ms | ActiveRecord: 0.3ms)


Started GET "/assets/users.css?body=1" for 127.0.0.1 at 2013-09-09 13:20:57 +0200


Started GET "/assets/microposts.css?body=1" for 127.0.0.1 at 2013-09-09 13:20:57 +0200


Started GET "/assets/turbolinks.js?body=1" for 127.0.0.1 at 2013-09-09 13:20:57 +0200


Started GET "/assets/application.js?body=1" for 127.0.0.1 at 2013-09-09 13:20:57 +0200


Started GET "/assets/scaffolds.css?body=1" for 127.0.0.1 at 2013-09-09 13:20:57 +0200


Started GET "/assets/users.js?body=1" for 127.0.0.1 at 2013-09-09 13:20:57 +0200


Started GET "/assets/application.css?body=1" for 127.0.0.1 at 2013-09-09 13:20:57 +0200


Started GET "/assets/microposts.js?body=1" for 127.0.0.1 at 2013-09-09 13:20:57 +0200


Started GET "/users" for 127.0.0.1 at 2013-09-09 13:21:01 +0200
Processing by UsersController#index as HTML
  [1m[35mUser Load (0.2ms)[0m  SELECT "users".* FROM "users"
  Rendered users/index.html.erb within layouts/application (3.0ms)
Completed 200 OK in 11ms (Views: 9.5ms | ActiveRecord: 0.2ms)


Started GET "/users" for 127.0.0.1 at 2013-09-09 13:30:00 +0200
  [1m[36mActiveRecord::SchemaMigration Load (0.1ms)[0m  [1mSELECT "schema_migrations".* FROM "schema_migrations"[0m
Processing by UsersController#index as HTML
  [1m[35mUser Load (0.2ms)[0m  SELECT "users".* FROM "users"
  Rendered users/index.html.erb within layouts/application (16.4ms)
Completed 200 OK in 270ms (Views: 265.5ms | ActiveRecord: 0.5ms)


Started GET "/assets/application.css?body=1" for 127.0.0.1 at 2013-09-09 13:30:01 +0200


Started GET "/assets/microposts.css?body=1" for 127.0.0.1 at 2013-09-09 13:30:01 +0200


Started GET "/assets/scaffolds.css?body=1" for 127.0.0.1 at 2013-09-09 13:30:01 +0200


Started GET "/assets/static_pages.css?body=1" for 127.0.0.1 at 2013-09-09 13:30:01 +0200


Started GET "/assets/turbolinks.js?body=1" for 127.0.0.1 at 2013-09-09 13:30:01 +0200


Started GET "/assets/static_pages.js?body=1" for 127.0.0.1 at 2013-09-09 13:30:01 +0200


Started GET "/assets/jquery_ujs.js?body=1" for 127.0.0.1 at 2013-09-09 13:30:01 +0200


Started GET "/assets/users.css?body=1" for 127.0.0.1 at 2013-09-09 13:30:01 +0200


Started GET "/assets/jquery.js?body=1" for 127.0.0.1 at 2013-09-09 13:30:01 +0200


Started GET "/assets/microposts.js?body=1" for 127.0.0.1 at 2013-09-09 13:30:01 +0200


Started GET "/assets/users.js?body=1" for 127.0.0.1 at 2013-09-09 13:30:01 +0200


Started GET "/assets/application.js?body=1" for 127.0.0.1 at 2013-09-09 13:30:01 +0200


Started GET "/users" for 127.0.0.1 at 2013-09-09 13:30:04 +0200
Processing by UsersController#index as HTML
  [1m[36mUser Load (0.3ms)[0m  [1mSELECT "users".* FROM "users"[0m
  Rendered users/index.html.erb within layouts/application (2.8ms)
Completed 200 OK in 12ms (Views: 10.7ms | ActiveRecord: 0.3ms)


Started GET "/assets/static_pages.css?body=1" for 127.0.0.1 at 2013-09-09 13:30:04 +0200


Started GET "/assets/application.css?body=1" for 127.0.0.1 at 2013-09-09 13:30:04 +0200


Started GET "/assets/microposts.css?body=1" for 127.0.0.1 at 2013-09-09 13:30:04 +0200


Started GET "/assets/users.css?body=1" for 127.0.0.1 at 2013-09-09 13:30:04 +0200


Started GET "/assets/scaffolds.css?body=1" for 127.0.0.1 at 2013-09-09 13:30:04 +0200


Started GET "/assets/jquery.js?body=1" for 127.0.0.1 at 2013-09-09 13:30:04 +0200


Started GET "/assets/jquery_ujs.js?body=1" for 127.0.0.1 at 2013-09-09 13:30:04 +0200


Started GET "/assets/turbolinks.js?body=1" for 127.0.0.1 at 2013-09-09 13:30:04 +0200


Started GET "/assets/static_pages.js?body=1" for 127.0.0.1 at 2013-09-09 13:30:04 +0200


Started GET "/assets/users.js?body=1" for 127.0.0.1 at 2013-09-09 13:30:04 +0200


Started GET "/assets/application.js?body=1" for 127.0.0.1 at 2013-09-09 13:30:04 +0200


Started GET "/assets/microposts.js?body=1" for 127.0.0.1 at 2013-09-09 13:30:04 +0200


Started GET "/" for 127.0.0.1 at 2013-09-09 13:30:06 +0200
Processing by Rails::WelcomeController#index as HTML
  Rendered /Users/natnaelyntn/.rvm/gems/ruby-2.0.0-p247@railstutorial_rails_4_0/gems/railties-4.0.0/lib/rails/templates/rails/welcome/index.html.erb (0.9ms)
Completed 200 OK in 27ms (Views: 25.8ms | ActiveRecord: 0.0ms)


Started GET "/" for 127.0.0.1 at 2013-09-09 13:30:13 +0200
Processing by Rails::WelcomeController#index as HTML
  Rendered /Users/natnaelyntn/.rvm/gems/ruby-2.0.0-p247@railstutorial_rails_4_0/gems/railties-4.0.0/lib/rails/templates/rails/welcome/index.html.erb (0.0ms)
Completed 200 OK in 2ms (Views: 1.7ms | ActiveRecord: 0.0ms)


Started GET "/home" for 127.0.0.1 at 2013-09-09 13:30:24 +0200

ActionController::RoutingError (No route matches [GET] "/home"):
  actionpack (4.0.0) lib/action_dispatch/middleware/debug_exceptions.rb:21:in `call'
  actionpack (4.0.0) lib/action_dispatch/middleware/show_exceptions.rb:30:in `call'
  railties (4.0.0) lib/rails/rack/logger.rb:38:in `call_app'
  railties (4.0.0) lib/rails/rack/logger.rb:21:in `block in call'
  activesupport (4.0.0) lib/active_support/tagged_logging.rb:67:in `block in tagged'
  activesupport (4.0.0) lib/active_support/tagged_logging.rb:25:in `tagged'
  activesupport (4.0.0) lib/active_support/tagged_logging.rb:67:in `tagged'
  railties (4.0.0) lib/rails/rack/logger.rb:21:in `call'
  actionpack (4.0.0) lib/action_dispatch/middleware/request_id.rb:21:in `call'
  rack (1.5.2) lib/rack/methodoverride.rb:21:in `call'
  rack (1.5.2) lib/rack/runtime.rb:17:in `call'
  activesupport (4.0.0) lib/active_support/cache/strategy/local_cache.rb:83:in `call'
  rack (1.5.2) lib/rack/lock.rb:17:in `call'
  actionpack (4.0.0) lib/action_dispatch/middleware/static.rb:64:in `call'
  railties (4.0.0) lib/rails/engine.rb:511:in `call'
  railties (4.0.0) lib/rails/application.rb:97:in `call'
  rack (1.5.2) lib/rack/lock.rb:17:in `call'
  rack (1.5.2) lib/rack/content_length.rb:14:in `call'
  rack (1.5.2) lib/rack/handler/webrick.rb:60:in `service'
  /Users/natnaelyntn/.rvm/rubies/ruby-2.0.0-p247/lib/ruby/2.0.0/webrick/httpserver.rb:138:in `service'
  /Users/natnaelyntn/.rvm/rubies/ruby-2.0.0-p247/lib/ruby/2.0.0/webrick/httpserver.rb:94:in `run'
  /Users/natnaelyntn/.rvm/rubies/ruby-2.0.0-p247/lib/ruby/2.0.0/webrick/server.rb:295:in `block in start_thread'


  Rendered /Users/natnaelyntn/.rvm/gems/ruby-2.0.0-p247@railstutorial_rails_4_0/gems/actionpack-4.0.0/lib/action_dispatch/middleware/templates/rescues/_trace.erb (1.4ms)
  Rendered /Users/natnaelyntn/.rvm/gems/ruby-2.0.0-p247@railstutorial_rails_4_0/gems/actionpack-4.0.0/lib/action_dispatch/middleware/templates/routes/_route.html.erb (2.0ms)
  Rendered /Users/natnaelyntn/.rvm/gems/ruby-2.0.0-p247@railstutorial_rails_4_0/gems/actionpack-4.0.0/lib/action_dispatch/middleware/templates/routes/_table.html.erb (23.4ms)
  Rendered /Users/natnaelyntn/.rvm/gems/ruby-2.0.0-p247@railstutorial_rails_4_0/gems/actionpack-4.0.0/lib/action_dispatch/middleware/templates/rescues/routing_error.erb within rescues/layout (91.3ms)


Started GET "/static_pages/home" for 127.0.0.1 at 2013-09-09 13:30:41 +0200
Processing by StaticPagesController#home as HTML
  Rendered static_pages/home.html.erb within layouts/application (0.5ms)
Completed 200 OK in 8ms (Views: 7.1ms | ActiveRecord: 0.0ms)


Started GET "/assets/microposts.css?body=1" for 127.0.0.1 at 2013-09-09 13:30:41 +0200


Started GET "/assets/application.css?body=1" for 127.0.0.1 at 2013-09-09 13:30:41 +0200


Started GET "/assets/scaffolds.css?body=1" for 127.0.0.1 at 2013-09-09 13:30:41 +0200


Started GET "/assets/users.css?body=1" for 127.0.0.1 at 2013-09-09 13:30:41 +0200


Started GET "/assets/static_pages.css?body=1" for 127.0.0.1 at 2013-09-09 13:30:41 +0200


Started GET "/assets/static_pages.js?body=1" for 127.0.0.1 at 2013-09-09 13:30:41 +0200


Started GET "/assets/jquery_ujs.js?body=1" for 127.0.0.1 at 2013-09-09 13:30:41 +0200


Started GET "/assets/jquery.js?body=1" for 127.0.0.1 at 2013-09-09 13:30:41 +0200


Started GET "/assets/turbolinks.js?body=1" for 127.0.0.1 at 2013-09-09 13:30:41 +0200


Started GET "/assets/users.js?body=1" for 127.0.0.1 at 2013-09-09 13:30:41 +0200


Started GET "/assets/microposts.js?body=1" for 127.0.0.1 at 2013-09-09 13:30:41 +0200


Started GET "/assets/application.js?body=1" for 127.0.0.1 at 2013-09-09 13:30:41 +0200


Started GET "/static_pages/home" for 127.0.0.1 at 2013-09-09 13:43:26 +0200
  [1m[36mActiveRecord::SchemaMigration Load (0.5ms)[0m  [1mSELECT "schema_migrations".* FROM "schema_migrations"[0m
Processing by StaticPagesController#home as HTML
  Rendered static_pages/home.html.erb within layouts/application (1.8ms)
Completed 200 OK in 363ms (Views: 361.6ms | ActiveRecord: 0.0ms)


Started GET "/assets/microposts.css?body=1" for 127.0.0.1 at 2013-09-09 13:43:28 +0200


Started GET "/assets/static_pages.css?body=1" for 127.0.0.1 at 2013-09-09 13:43:28 +0200


Started GET "/assets/application.css?body=1" for 127.0.0.1 at 2013-09-09 13:43:28 +0200


Started GET "/assets/jquery_ujs.js?body=1" for 127.0.0.1 at 2013-09-09 13:43:28 +0200


Started GET "/assets/users.css?body=1" for 127.0.0.1 at 2013-09-09 13:43:28 +0200


Started GET "/assets/scaffolds.css?body=1" for 127.0.0.1 at 2013-09-09 13:43:28 +0200


Started GET "/assets/jquery.js?body=1" for 127.0.0.1 at 2013-09-09 13:43:28 +0200


Started GET "/assets/turbolinks.js?body=1" for 127.0.0.1 at 2013-09-09 13:43:28 +0200


Started GET "/assets/microposts.js?body=1" for 127.0.0.1 at 2013-09-09 13:43:28 +0200


Started GET "/assets/static_pages.js?body=1" for 127.0.0.1 at 2013-09-09 13:43:28 +0200


Started GET "/assets/users.js?body=1" for 127.0.0.1 at 2013-09-09 13:43:28 +0200


Started GET "/assets/application.js?body=1" for 127.0.0.1 at 2013-09-09 13:43:28 +0200


Started GET "/static_pages/home" for 127.0.0.1 at 2013-09-09 13:47:24 +0200
Processing by StaticPagesController#home as HTML
  Rendered static_pages/home.html.erb within layouts/application (0.1ms)
Completed 500 Internal Server Error in 67ms

ActionView::Template::Error (undefined method `full_title' for #<#<Class:0x007ffee33433b8>:0x007ffee12c2da0>):
    1: <!DOCTYPE html>
    2: <html>
    3: <head>
    4:   <title><%= full_title(yield(:title)) %></title>
    5:   <%= stylesheet_link_tag "application", media: "all",
    6:                           "data-turbolinks-track" => true %>
    7:   <%= javascript_include_tag "application", "data-turbolinks-track" => true %>
  app/views/layouts/application.html.erb:4:in `_app_views_layouts_application_html_erb__1369615103872235877_70366338112280'


  Rendered /Users/natnaelyntn/.rvm/gems/ruby-2.0.0-p247@railstutorial_rails_4_0/gems/actionpack-4.0.0/lib/action_dispatch/middleware/templates/rescues/_trace.erb (1.1ms)
  Rendered /Users/natnaelyntn/.rvm/gems/ruby-2.0.0-p247@railstutorial_rails_4_0/gems/actionpack-4.0.0/lib/action_dispatch/middleware/templates/rescues/_request_and_response.erb (1.2ms)
  Rendered /Users/natnaelyntn/.rvm/gems/ruby-2.0.0-p247@railstutorial_rails_4_0/gems/actionpack-4.0.0/lib/action_dispatch/middleware/templates/rescues/template_error.erb within rescues/layout (20.7ms)


Started GET "/" for 127.0.0.1 at 2013-09-09 13:47:41 +0200
Processing by Rails::WelcomeController#index as HTML
  Rendered /Users/natnaelyntn/.rvm/gems/ruby-2.0.0-p247@railstutorial_rails_4_0/gems/railties-4.0.0/lib/rails/templates/rails/welcome/index.html.erb (0.8ms)
Completed 200 OK in 71ms (Views: 70.1ms | ActiveRecord: 0.0ms)


Started GET "/home" for 127.0.0.1 at 2013-09-09 13:47:47 +0200

ActionController::RoutingError (No route matches [GET] "/home"):
  actionpack (4.0.0) lib/action_dispatch/middleware/debug_exceptions.rb:21:in `call'
  actionpack (4.0.0) lib/action_dispatch/middleware/show_exceptions.rb:30:in `call'
  railties (4.0.0) lib/rails/rack/logger.rb:38:in `call_app'
  railties (4.0.0) lib/rails/rack/logger.rb:21:in `block in call'
  activesupport (4.0.0) lib/active_support/tagged_logging.rb:67:in `block in tagged'
  activesupport (4.0.0) lib/active_support/tagged_logging.rb:25:in `tagged'
  activesupport (4.0.0) lib/active_support/tagged_logging.rb:67:in `tagged'
  railties (4.0.0) lib/rails/rack/logger.rb:21:in `call'
  actionpack (4.0.0) lib/action_dispatch/middleware/request_id.rb:21:in `call'
  rack (1.5.2) lib/rack/methodoverride.rb:21:in `call'
  rack (1.5.2) lib/rack/runtime.rb:17:in `call'
  activesupport (4.0.0) lib/active_support/cache/strategy/local_cache.rb:83:in `call'
  rack (1.5.2) lib/rack/lock.rb:17:in `call'
  actionpack (4.0.0) lib/action_dispatch/middleware/static.rb:64:in `call'
  railties (4.0.0) lib/rails/engine.rb:511:in `call'
  railties (4.0.0) lib/rails/application.rb:97:in `call'
  rack (1.5.2) lib/rack/lock.rb:17:in `call'
  rack (1.5.2) lib/rack/content_length.rb:14:in `call'
  rack (1.5.2) lib/rack/handler/webrick.rb:60:in `service'
  /Users/natnaelyntn/.rvm/rubies/ruby-2.0.0-p247/lib/ruby/2.0.0/webrick/httpserver.rb:138:in `service'
  /Users/natnaelyntn/.rvm/rubies/ruby-2.0.0-p247/lib/ruby/2.0.0/webrick/httpserver.rb:94:in `run'
  /Users/natnaelyntn/.rvm/rubies/ruby-2.0.0-p247/lib/ruby/2.0.0/webrick/server.rb:295:in `block in start_thread'


  Rendered /Users/natnaelyntn/.rvm/gems/ruby-2.0.0-p247@railstutorial_rails_4_0/gems/actionpack-4.0.0/lib/action_dispatch/middleware/templates/rescues/_trace.erb (1.0ms)
  Rendered /Users/natnaelyntn/.rvm/gems/ruby-2.0.0-p247@railstutorial_rails_4_0/gems/actionpack-4.0.0/lib/action_dispatch/middleware/templates/routes/_route.html.erb (1.8ms)
  Rendered /Users/natnaelyntn/.rvm/gems/ruby-2.0.0-p247@railstutorial_rails_4_0/gems/actionpack-4.0.0/lib/action_dispatch/middleware/templates/routes/_table.html.erb (51.7ms)
  Rendered /Users/natnaelyntn/.rvm/gems/ruby-2.0.0-p247@railstutorial_rails_4_0/gems/actionpack-4.0.0/lib/action_dispatch/middleware/templates/rescues/routing_error.erb within rescues/layout (142.0ms)


Started GET "/home" for 127.0.0.1 at 2013-09-09 13:52:10 +0200
  [1m[36mActiveRecord::SchemaMigration Load (8.3ms)[0m  [1mSELECT "schema_migrations".* FROM "schema_migrations"[0m

ActionController::RoutingError (No route matches [GET] "/home"):
  actionpack (4.0.0) lib/action_dispatch/middleware/debug_exceptions.rb:21:in `call'
  actionpack (4.0.0) lib/action_dispatch/middleware/show_exceptions.rb:30:in `call'
  railties (4.0.0) lib/rails/rack/logger.rb:38:in `call_app'
  railties (4.0.0) lib/rails/rack/logger.rb:21:in `block in call'
  activesupport (4.0.0) lib/active_support/tagged_logging.rb:67:in `block in tagged'
  activesupport (4.0.0) lib/active_support/tagged_logging.rb:25:in `tagged'
  activesupport (4.0.0) lib/active_support/tagged_logging.rb:67:in `tagged'
  railties (4.0.0) lib/rails/rack/logger.rb:21:in `call'
  actionpack (4.0.0) lib/action_dispatch/middleware/request_id.rb:21:in `call'
  rack (1.5.2) lib/rack/methodoverride.rb:21:in `call'
  rack (1.5.2) lib/rack/runtime.rb:17:in `call'
  activesupport (4.0.0) lib/active_support/cache/strategy/local_cache.rb:83:in `call'
  rack (1.5.2) lib/rack/lock.rb:17:in `call'
  actionpack (4.0.0) lib/action_dispatch/middleware/static.rb:64:in `call'
  railties (4.0.0) lib/rails/engine.rb:511:in `call'
  railties (4.0.0) lib/rails/application.rb:97:in `call'
  rack (1.5.2) lib/rack/lock.rb:17:in `call'
  rack (1.5.2) lib/rack/content_length.rb:14:in `call'
  rack (1.5.2) lib/rack/handler/webrick.rb:60:in `service'
  /Users/natnaelyntn/.rvm/rubies/ruby-2.0.0-p247/lib/ruby/2.0.0/webrick/httpserver.rb:138:in `service'
  /Users/natnaelyntn/.rvm/rubies/ruby-2.0.0-p247/lib/ruby/2.0.0/webrick/httpserver.rb:94:in `run'
  /Users/natnaelyntn/.rvm/rubies/ruby-2.0.0-p247/lib/ruby/2.0.0/webrick/server.rb:295:in `block in start_thread'


  Rendered /Users/natnaelyntn/.rvm/gems/ruby-2.0.0-p247@railstutorial_rails_4_0/gems/actionpack-4.0.0/lib/action_dispatch/middleware/templates/rescues/_trace.erb (1.1ms)
  Rendered /Users/natnaelyntn/.rvm/gems/ruby-2.0.0-p247@railstutorial_rails_4_0/gems/actionpack-4.0.0/lib/action_dispatch/middleware/templates/routes/_route.html.erb (2.3ms)
  Rendered /Users/natnaelyntn/.rvm/gems/ruby-2.0.0-p247@railstutorial_rails_4_0/gems/actionpack-4.0.0/lib/action_dispatch/middleware/templates/routes/_table.html.erb (8.8ms)
  Rendered /Users/natnaelyntn/.rvm/gems/ruby-2.0.0-p247@railstutorial_rails_4_0/gems/actionpack-4.0.0/lib/action_dispatch/middleware/templates/rescues/routing_error.erb within rescues/layout (60.7ms)


Started GET "/static_pages/home" for 127.0.0.1 at 2013-09-09 13:52:19 +0200
Processing by StaticPagesController#home as HTML
  Rendered static_pages/home.html.erb within layouts/application (3.6ms)
Completed 500 Internal Server Error in 45ms

ActionView::Template::Error (undefined method `full_title' for #<#<Class:0x007ff84bd2f2d0>:0x007ff84bd2cd78>):
    1: <!DOCTYPE html>
    2: <html>
    3: <head>
    4:   <title><%= full_title(yield(:title)) %></title>
    5:   <%= stylesheet_link_tag "application", media: "all",
    6:                           "data-turbolinks-track" => true %>
    7:   <%= javascript_include_tag "application", "data-turbolinks-track" => true %>
  app/views/layouts/application.html.erb:4:in `_app_views_layouts_application_html_erb___641024161251799287_70352200397020'


  Rendered /Users/natnaelyntn/.rvm/gems/ruby-2.0.0-p247@railstutorial_rails_4_0/gems/actionpack-4.0.0/lib/action_dispatch/middleware/templates/rescues/_trace.erb (1.4ms)
  Rendered /Users/natnaelyntn/.rvm/gems/ruby-2.0.0-p247@railstutorial_rails_4_0/gems/actionpack-4.0.0/lib/action_dispatch/middleware/templates/rescues/_request_and_response.erb (55.9ms)
  Rendered /Users/natnaelyntn/.rvm/gems/ruby-2.0.0-p247@railstutorial_rails_4_0/gems/actionpack-4.0.0/lib/action_dispatch/middleware/templates/rescues/template_error.erb within rescues/layout (86.5ms)


Started GET "/static_pages/home" for 127.0.0.1 at 2013-09-09 13:53:36 +0200
Processing by StaticPagesController#home as HTML
  Rendered static_pages/home.html.erb within layouts/application (5.7ms)
Completed 500 Internal Server Error in 18ms

ActionView::Template::Error (undefined method `full_title' for #<#<Class:0x007ff84bd2f2d0>:0x007ff84bf04a60>):
    1: <!DOCTYPE html>
    2: <html>
    3: <head>
    4:   <title><%= full_title(yield(:title)) %></title>
    5:   <%= stylesheet_link_tag "application", media: "all",
    6:                           "data-turbolinks-track" => true %>
    7:   <%= javascript_include_tag "application", "data-turbolinks-track" => true %>
  app/views/layouts/application.html.erb:4:in `_app_views_layouts_application_html_erb___641024161251799287_70352200397020'


  Rendered /Users/natnaelyntn/.rvm/gems/ruby-2.0.0-p247@railstutorial_rails_4_0/gems/actionpack-4.0.0/lib/action_dispatch/middleware/templates/rescues/_trace.erb (19.8ms)
  Rendered /Users/natnaelyntn/.rvm/gems/ruby-2.0.0-p247@railstutorial_rails_4_0/gems/actionpack-4.0.0/lib/action_dispatch/middleware/templates/rescues/_request_and_response.erb (1.7ms)
  Rendered /Users/natnaelyntn/.rvm/gems/ruby-2.0.0-p247@railstutorial_rails_4_0/gems/actionpack-4.0.0/lib/action_dispatch/middleware/templates/rescues/template_error.erb within rescues/layout (32.2ms)


Started GET "/static_pages/home" for 127.0.0.1 at 2013-09-09 13:55:12 +0200
Processing by StaticPagesController#home as HTML
  Rendered static_pages/home.html.erb within layouts/application (3.7ms)
Completed 200 OK in 267ms (Views: 265.8ms | ActiveRecord: 0.0ms)


Started GET "/assets/application.css?body=1" for 127.0.0.1 at 2013-09-09 13:55:13 +0200


Started GET "/assets/microposts.css?body=1" for 127.0.0.1 at 2013-09-09 13:55:13 +0200


Started GET "/assets/scaffolds.css?body=1" for 127.0.0.1 at 2013-09-09 13:55:13 +0200


Started GET "/assets/static_pages.css?body=1" for 127.0.0.1 at 2013-09-09 13:55:13 +0200


Started GET "/assets/users.css?body=1" for 127.0.0.1 at 2013-09-09 13:55:13 +0200


Started GET "/assets/jquery_ujs.js?body=1" for 127.0.0.1 at 2013-09-09 13:55:13 +0200


Started GET "/assets/jquery.js?body=1" for 127.0.0.1 at 2013-09-09 13:55:13 +0200


Started GET "/assets/turbolinks.js?body=1" for 127.0.0.1 at 2013-09-09 13:55:13 +0200


Started GET "/assets/microposts.js?body=1" for 127.0.0.1 at 2013-09-09 13:55:13 +0200


Started GET "/assets/static_pages.js?body=1" for 127.0.0.1 at 2013-09-09 13:55:13 +0200


Started GET "/assets/users.js?body=1" for 127.0.0.1 at 2013-09-09 13:55:13 +0200


Started GET "/assets/application.js?body=1" for 127.0.0.1 at 2013-09-09 13:55:13 +0200


Started GET "/images/rails.png" for 127.0.0.1 at 2013-09-09 13:55:13 +0200

ActionController::RoutingError (No route matches [GET] "/images/rails.png"):
  actionpack (4.0.0) lib/action_dispatch/middleware/debug_exceptions.rb:21:in `call'
  actionpack (4.0.0) lib/action_dispatch/middleware/show_exceptions.rb:30:in `call'
  railties (4.0.0) lib/rails/rack/logger.rb:38:in `call_app'
  railties (4.0.0) lib/rails/rack/logger.rb:21:in `block in call'
  activesupport (4.0.0) lib/active_support/tagged_logging.rb:67:in `block in tagged'
  activesupport (4.0.0) lib/active_support/tagged_logging.rb:25:in `tagged'
  activesupport (4.0.0) lib/active_support/tagged_logging.rb:67:in `tagged'
  railties (4.0.0) lib/rails/rack/logger.rb:21:in `call'
  actionpack (4.0.0) lib/action_dispatch/middleware/request_id.rb:21:in `call'
  rack (1.5.2) lib/rack/methodoverride.rb:21:in `call'
  rack (1.5.2) lib/rack/runtime.rb:17:in `call'
  activesupport (4.0.0) lib/active_support/cache/strategy/local_cache.rb:83:in `call'
  rack (1.5.2) lib/rack/lock.rb:17:in `call'
  actionpack (4.0.0) lib/action_dispatch/middleware/static.rb:64:in `call'
  railties (4.0.0) lib/rails/engine.rb:511:in `call'
  railties (4.0.0) lib/rails/application.rb:97:in `call'
  rack (1.5.2) lib/rack/lock.rb:17:in `call'
  rack (1.5.2) lib/rack/content_length.rb:14:in `call'
  rack (1.5.2) lib/rack/handler/webrick.rb:60:in `service'
  /Users/natnaelyntn/.rvm/rubies/ruby-2.0.0-p247/lib/ruby/2.0.0/webrick/httpserver.rb:138:in `service'
  /Users/natnaelyntn/.rvm/rubies/ruby-2.0.0-p247/lib/ruby/2.0.0/webrick/httpserver.rb:94:in `run'
  /Users/natnaelyntn/.rvm/rubies/ruby-2.0.0-p247/lib/ruby/2.0.0/webrick/server.rb:295:in `block in start_thread'


  Rendered /Users/natnaelyntn/.rvm/gems/ruby-2.0.0-p247@railstutorial_rails_4_0/gems/actionpack-4.0.0/lib/action_dispatch/middleware/templates/rescues/_trace.erb (1.1ms)
  Rendered /Users/natnaelyntn/.rvm/gems/ruby-2.0.0-p247@railstutorial_rails_4_0/gems/actionpack-4.0.0/lib/action_dispatch/middleware/templates/routes/_route.html.erb (2.1ms)
  Rendered /Users/natnaelyntn/.rvm/gems/ruby-2.0.0-p247@railstutorial_rails_4_0/gems/actionpack-4.0.0/lib/action_dispatch/middleware/templates/routes/_table.html.erb (1.5ms)
  Rendered /Users/natnaelyntn/.rvm/gems/ruby-2.0.0-p247@railstutorial_rails_4_0/gems/actionpack-4.0.0/lib/action_dispatch/middleware/templates/rescues/routing_error.erb within rescues/layout (62.6ms)


Started GET "/static_pages/home" for 127.0.0.1 at 2013-09-09 13:59:21 +0200
Processing by StaticPagesController#home as HTML
  Rendered static_pages/home.html.erb within layouts/application (9.0ms)
Completed 200 OK in 19ms (Views: 18.3ms | ActiveRecord: 0.0ms)


Started GET "/images/rails.png" for 127.0.0.1 at 2013-09-09 13:59:21 +0200

ActionController::RoutingError (No route matches [GET] "/images/rails.png"):
  actionpack (4.0.0) lib/action_dispatch/middleware/debug_exceptions.rb:21:in `call'
  actionpack (4.0.0) lib/action_dispatch/middleware/show_exceptions.rb:30:in `call'
  railties (4.0.0) lib/rails/rack/logger.rb:38:in `call_app'
  railties (4.0.0) lib/rails/rack/logger.rb:21:in `block in call'
  activesupport (4.0.0) lib/active_support/tagged_logging.rb:67:in `block in tagged'
  activesupport (4.0.0) lib/active_support/tagged_logging.rb:25:in `tagged'
  activesupport (4.0.0) lib/active_support/tagged_logging.rb:67:in `tagged'
  railties (4.0.0) lib/rails/rack/logger.rb:21:in `call'
  actionpack (4.0.0) lib/action_dispatch/middleware/request_id.rb:21:in `call'
  rack (1.5.2) lib/rack/methodoverride.rb:21:in `call'
  rack (1.5.2) lib/rack/runtime.rb:17:in `call'
  activesupport (4.0.0) lib/active_support/cache/strategy/local_cache.rb:83:in `call'
  rack (1.5.2) lib/rack/lock.rb:17:in `call'
  actionpack (4.0.0) lib/action_dispatch/middleware/static.rb:64:in `call'
  railties (4.0.0) lib/rails/engine.rb:511:in `call'
  railties (4.0.0) lib/rails/application.rb:97:in `call'
  rack (1.5.2) lib/rack/lock.rb:17:in `call'
  rack (1.5.2) lib/rack/content_length.rb:14:in `call'
  rack (1.5.2) lib/rack/handler/webrick.rb:60:in `service'
  /Users/natnaelyntn/.rvm/rubies/ruby-2.0.0-p247/lib/ruby/2.0.0/webrick/httpserver.rb:138:in `service'
  /Users/natnaelyntn/.rvm/rubies/ruby-2.0.0-p247/lib/ruby/2.0.0/webrick/httpserver.rb:94:in `run'
  /Users/natnaelyntn/.rvm/rubies/ruby-2.0.0-p247/lib/ruby/2.0.0/webrick/server.rb:295:in `block in start_thread'


  Rendered /Users/natnaelyntn/.rvm/gems/ruby-2.0.0-p247@railstutorial_rails_4_0/gems/actionpack-4.0.0/lib/action_dispatch/middleware/templates/rescues/_trace.erb (1.6ms)
  Rendered /Users/natnaelyntn/.rvm/gems/ruby-2.0.0-p247@railstutorial_rails_4_0/gems/actionpack-4.0.0/lib/action_dispatch/middleware/templates/routes/_route.html.erb (1.8ms)
  Rendered /Users/natnaelyntn/.rvm/gems/ruby-2.0.0-p247@railstutorial_rails_4_0/gems/actionpack-4.0.0/lib/action_dispatch/middleware/templates/routes/_table.html.erb (1.6ms)
  Rendered /Users/natnaelyntn/.rvm/gems/ruby-2.0.0-p247@railstutorial_rails_4_0/gems/actionpack-4.0.0/lib/action_dispatch/middleware/templates/rescues/routing_error.erb within rescues/layout (25.9ms)


Started GET "/static_pages/home" for 127.0.0.1 at 2013-09-09 13:59:23 +0200
Processing by StaticPagesController#home as HTML
  Rendered static_pages/home.html.erb within layouts/application (4.9ms)
Completed 200 OK in 12ms (Views: 11.2ms | ActiveRecord: 0.0ms)


Started GET "/images/rails.png" for 127.0.0.1 at 2013-09-09 13:59:23 +0200

ActionController::RoutingError (No route matches [GET] "/images/rails.png"):
  actionpack (4.0.0) lib/action_dispatch/middleware/debug_exceptions.rb:21:in `call'
  actionpack (4.0.0) lib/action_dispatch/middleware/show_exceptions.rb:30:in `call'
  railties (4.0.0) lib/rails/rack/logger.rb:38:in `call_app'
  railties (4.0.0) lib/rails/rack/logger.rb:21:in `block in call'
  activesupport (4.0.0) lib/active_support/tagged_logging.rb:67:in `block in tagged'
  activesupport (4.0.0) lib/active_support/tagged_logging.rb:25:in `tagged'
  activesupport (4.0.0) lib/active_support/tagged_logging.rb:67:in `tagged'
  railties (4.0.0) lib/rails/rack/logger.rb:21:in `call'
  actionpack (4.0.0) lib/action_dispatch/middleware/request_id.rb:21:in `call'
  rack (1.5.2) lib/rack/methodoverride.rb:21:in `call'
  rack (1.5.2) lib/rack/runtime.rb:17:in `call'
  activesupport (4.0.0) lib/active_support/cache/strategy/local_cache.rb:83:in `call'
  rack (1.5.2) lib/rack/lock.rb:17:in `call'
  actionpack (4.0.0) lib/action_dispatch/middleware/static.rb:64:in `call'
  railties (4.0.0) lib/rails/engine.rb:511:in `call'
  railties (4.0.0) lib/rails/application.rb:97:in `call'
  rack (1.5.2) lib/rack/lock.rb:17:in `call'
  rack (1.5.2) lib/rack/content_length.rb:14:in `call'
  rack (1.5.2) lib/rack/handler/webrick.rb:60:in `service'
  /Users/natnaelyntn/.rvm/rubies/ruby-2.0.0-p247/lib/ruby/2.0.0/webrick/httpserver.rb:138:in `service'
  /Users/natnaelyntn/.rvm/rubies/ruby-2.0.0-p247/lib/ruby/2.0.0/webrick/httpserver.rb:94:in `run'
  /Users/natnaelyntn/.rvm/rubies/ruby-2.0.0-p247/lib/ruby/2.0.0/webrick/server.rb:295:in `block in start_thread'


  Rendered /Users/natnaelyntn/.rvm/gems/ruby-2.0.0-p247@railstutorial_rails_4_0/gems/actionpack-4.0.0/lib/action_dispatch/middleware/templates/rescues/_trace.erb (1.0ms)
  Rendered /Users/natnaelyntn/.rvm/gems/ruby-2.0.0-p247@railstutorial_rails_4_0/gems/actionpack-4.0.0/lib/action_dispatch/middleware/templates/routes/_route.html.erb (1.6ms)
  Rendered /Users/natnaelyntn/.rvm/gems/ruby-2.0.0-p247@railstutorial_rails_4_0/gems/actionpack-4.0.0/lib/action_dispatch/middleware/templates/routes/_table.html.erb (1.0ms)
  Rendered /Users/natnaelyntn/.rvm/gems/ruby-2.0.0-p247@railstutorial_rails_4_0/gems/actionpack-4.0.0/lib/action_dispatch/middleware/templates/rescues/routing_error.erb within rescues/layout (21.8ms)


Started GET "/static_pages/home" for 127.0.0.1 at 2013-09-09 13:59:26 +0200
Processing by StaticPagesController#home as HTML
  Rendered static_pages/home.html.erb within layouts/application (3.5ms)
Completed 200 OK in 27ms (Views: 8.8ms | ActiveRecord: 0.0ms)


Started GET "/images/rails.png" for 127.0.0.1 at 2013-09-09 13:59:26 +0200

ActionController::RoutingError (No route matches [GET] "/images/rails.png"):
  actionpack (4.0.0) lib/action_dispatch/middleware/debug_exceptions.rb:21:in `call'
  actionpack (4.0.0) lib/action_dispatch/middleware/show_exceptions.rb:30:in `call'
  railties (4.0.0) lib/rails/rack/logger.rb:38:in `call_app'
  railties (4.0.0) lib/rails/rack/logger.rb:21:in `block in call'
  activesupport (4.0.0) lib/active_support/tagged_logging.rb:67:in `block in tagged'
  activesupport (4.0.0) lib/active_support/tagged_logging.rb:25:in `tagged'
  activesupport (4.0.0) lib/active_support/tagged_logging.rb:67:in `tagged'
  railties (4.0.0) lib/rails/rack/logger.rb:21:in `call'
  actionpack (4.0.0) lib/action_dispatch/middleware/request_id.rb:21:in `call'
  rack (1.5.2) lib/rack/methodoverride.rb:21:in `call'
  rack (1.5.2) lib/rack/runtime.rb:17:in `call'
  activesupport (4.0.0) lib/active_support/cache/strategy/local_cache.rb:83:in `call'
  rack (1.5.2) lib/rack/lock.rb:17:in `call'
  actionpack (4.0.0) lib/action_dispatch/middleware/static.rb:64:in `call'
  railties (4.0.0) lib/rails/engine.rb:511:in `call'
  railties (4.0.0) lib/rails/application.rb:97:in `call'
  rack (1.5.2) lib/rack/lock.rb:17:in `call'
  rack (1.5.2) lib/rack/content_length.rb:14:in `call'
  rack (1.5.2) lib/rack/handler/webrick.rb:60:in `service'
  /Users/natnaelyntn/.rvm/rubies/ruby-2.0.0-p247/lib/ruby/2.0.0/webrick/httpserver.rb:138:in `service'
  /Users/natnaelyntn/.rvm/rubies/ruby-2.0.0-p247/lib/ruby/2.0.0/webrick/httpserver.rb:94:in `run'
  /Users/natnaelyntn/.rvm/rubies/ruby-2.0.0-p247/lib/ruby/2.0.0/webrick/server.rb:295:in `block in start_thread'


  Rendered /Users/natnaelyntn/.rvm/gems/ruby-2.0.0-p247@railstutorial_rails_4_0/gems/actionpack-4.0.0/lib/action_dispatch/middleware/templates/rescues/_trace.erb (1.0ms)
  Rendered /Users/natnaelyntn/.rvm/gems/ruby-2.0.0-p247@railstutorial_rails_4_0/gems/actionpack-4.0.0/lib/action_dispatch/middleware/templates/routes/_route.html.erb (1.8ms)
  Rendered /Users/natnaelyntn/.rvm/gems/ruby-2.0.0-p247@railstutorial_rails_4_0/gems/actionpack-4.0.0/lib/action_dispatch/middleware/templates/routes/_table.html.erb (1.0ms)
  Rendered /Users/natnaelyntn/.rvm/gems/ruby-2.0.0-p247@railstutorial_rails_4_0/gems/actionpack-4.0.0/lib/action_dispatch/middleware/templates/rescues/routing_error.erb within rescues/layout (23.1ms)
